2003.07.23 09:35 A M:\Dev\RCNUTILITIES\generics.cpp --> hp3.wpic.pitt.edu /home/sererj/compile/src generics.cpp
2003.07.23 09:38 A M:\Dev\RCNUTILITIES\generics.cpp --> hp3.wpic.pitt.edu /home/sererj/compile/src generics.cpp
2003.07.23 10:00 A M:\Dev\RCNUTILITIES\generics.cpp --> hp3.wpic.pitt.edu /home/sererj/compile/src generics.cpp
2003.09.22 09:30 A M:\Dev\RCNUTILITIES\generics.cpp --> hp3.wpic.pitt.edu /home/sererj/compile/src generics.cpp
2003.11.03 15:34 A M:\Dev\RCNUTILITIES\generics.cpp --> hp4.wpic.upmc.edu /lab1/home/sererj/compile/src generics.cpp
2003.11.03 15:37 A M:\Dev\RCNUTILITIES\generics.cpp --> hp4.wpic.upmc.edu /lab1/home/sererj/compile/src generics.cpp
2003.11.04 09:18 A M:\Dev\RCNUTILITIES\generics.cpp --> hp4.wpic.upmc.edu /lab1/home/sererj/compile/src generics.cpp
2004.03.08 11:21 A M:\Dev\RCNUTILITIES\generics.cpp --> hp4.wpic.upmc.edu /lab1/home/sererj/compile/src generics.cpp
2004.04.28 15:21 A M:\Dev\RCNUTILITIES\generic.h --> hp3.wpic.upmc.edu /home/sererj/compile/src generic.h
2004.04.28 15:21 A M:\Dev\RCNUTILITIES\generics.cpp --> hp3.wpic.upmc.edu /home/sererj/compile/src generics.cpp
2004.04.28 15:21 A M:\Dev\RCNUTILITIES\header.h --> hp3.wpic.upmc.edu /home/sererj/compile/src header.h
2004.04.28 15:21 A M:\Dev\RCNUTILITIES\local.h --> hp3.wpic.upmc.edu /home/sererj/compile/src local.h
2004.04.28 15:21 A M:\Dev\RCNUTILITIES\wpicc.h --> hp3.wpic.upmc.edu /home/sererj/compile/src wpicc.h
2004.04.28 15:21 A M:\Dev\RCNUTILITIES\wpiclib.h --> hp3.wpic.upmc.edu /home/sererj/compile/src wpiclib.h
2004.09.28 11:22 A M:\Dev\RCNUTILITIES\generics.cpp --> hp3.wpic.upmc.edu /home/sererj/compile/src generics.cpp
2004.09.28 11:53 A M:\Dev\RCNUTILITIES\generics.cpp --> hp3.wpic.upmc.edu /home/sererj/compile/src generics.cpp
2004.09.28 11:59 A M:\Dev\RCNUTILITIES\generics.cpp --> hp3.wpic.upmc.edu /home/sererj/compile/src generics.cpp
2004.09.28 12:00 A M:\Dev\RCNUTILITIES\generics.cpp --> hp3.wpic.upmc.edu /home/sererj/compile/src generics.cpp
2005.05.03 14:51 A M:\Dev\RCNUTILITIES\generics.cpp --> 157.229.150.150 /home/sererj/compile/src generics.cpp
2005.05.03 14:51 A M:\Dev\RCNUTILITIES\generic.h --> 157.229.150.150 /home/sererj/compile/src generic.h
